07/28/25 12:21:40 AM:INFO:*******passed*******
07/28/25 12:23:50 AM:INFO:*******passed*******
07/28/25 12:31:27 AM:INFO:*******passed*******
07/28/25 12:31:32 AM:INFO:*******passed*******
07/28/25 12:31:37 AM:INFO:*******passed*******
07/28/25 12:31:42 AM:INFO:*******passed*******
07/28/25 12:31:42 AM:INFO:Login DDT test passed
07/28/25 12:33:13 AM:INFO:*******passed*******
07/28/25 12:44:30 AM:INFO:*******passed*******
07/28/25 12:44:35 AM:INFO:*******passed*******
07/28/25 12:44:40 AM:INFO:*******passed*******
07/28/25 12:44:45 AM:INFO:*******passed*******
07/28/25 12:44:45 AM:INFO:Login DDT test passed
08/05/25 12:48:48 PM:INFO:*******Test_001_Login*******
08/05/25 12:48:48 PM:INFO:*******Verifying Home page Title*******
08/05/25 12:48:53 PM:INFO:*******Home page title test case is passed*******
08/05/25 01:02:34 PM:INFO:*******failed*******
08/05/25 01:04:17 PM:INFO:*******Test_001_Login*******
08/05/25 01:04:17 PM:INFO:*******Verifying Home page Title*******
08/05/25 01:04:25 PM:INFO:*******Home page title test case is passed*******
08/05/25 01:31:43 PM:INFO:*******Test_001_Login*******
08/05/25 01:31:43 PM:INFO:*******Verifying Home page Title*******
08/05/25 01:31:50 PM:INFO:*******Home page title test case is passed*******
